<?xml version="1.0" encoding="UTF-8"?>
<!-- Generated by org.testng.reporters.JUnitReportReporter -->
<testsuite hostname="MSI" failures="0" tests="1" name="ContactModule.CreateContactWithOrgTest" time="22.092" errors="0" timestamp="2025-03-07T17:52:28 IST" skipped="0">
  <testcase classname="ContactModule.CreateContactWithOrgTest" name="CreateContact" time="22.092"/>
  <system-out/>
</testsuite> <!-- ContactModule.CreateContactWithOrgTest -->
