<?xml version="1.0" encoding="UTF-8"?>
<!-- Generated by org.testng.reporters.JUnitReportReporter -->
<testsuite hostname="MSI" failures="0" tests="2" name="ContactModule.CreatecontactTest" time="97.572" errors="0" timestamp="2025-03-08T18:21:39 IST" skipped="0">
  <testcase classname="ContactModule.CreatecontactTest" name="CreateContactWithSupportdate" time="78.068"/>
  <system-out/>
  <testcase classname="ContactModule.CreatecontactTest" name="CreateContact" time="19.504"/>
  <system-out/>
</testsuite> <!-- ContactModule.CreatecontactTest -->
