<?xml version="1.0" encoding="UTF-8"?>
<!-- Generated by org.testng.reporters.JUnitReportReporter -->
<testsuite hostname="MSI" failures="0" tests="3" name="OraganizationModule.CreateOraganizationTest" time="20.819" errors="0" timestamp="2025-03-08T12:31:20 IST" skipped="0">
  <testcase classname="OraganizationModule.CreateOraganizationTest" name="CreateOrganization" time="6.869"/>
  <system-out/>
  <testcase classname="OraganizationModule.CreateOraganizationTest" name="createOrgWithPhoneNumberTest" time="6.978"/>
  <system-out/>
  <testcase classname="OraganizationModule.CreateOraganizationTest" name="createOraganizationWithIndustriesTest" time="6.972"/>
  <system-out/>
</testsuite> <!-- OraganizationModule.CreateOraganizationTest -->
