<?xml version="1.0" encoding="UTF-8"?>
<!-- Generated by org.testng.reporters.JUnitReportReporter -->
<testsuite hostname="MSI" failures="0" tests="3" name="PracticeProduct.SampleRoportTest" time="4.345" errors="0" timestamp="2025-03-04T13:34:03 IST" skipped="0">
  <testcase classname="PracticeProduct.SampleRoportTest" name="createContactwithPhoneNum" time="0.508"/>
  <system-out/>
  <testcase classname="PracticeProduct.SampleRoportTest" name="createContactwithOrg" time="0.002"/>
  <system-out/>
  <testcase classname="PracticeProduct.SampleRoportTest" name="createContactTest" time="3.835"/>
  <system-out/>
</testsuite> <!-- PracticeProduct.SampleRoportTest -->
