<?xml version="1.0" encoding="UTF-8"?>
<!-- Generated by org.testng.reporters.JUnitReportReporter -->
<testsuite hostname="MSI" failures="0" tests="2" name="pck1.CreateTest" time="0.004" errors="0" timestamp="2025-03-13T13:29:27 IST" skipped="0">
  <testcase classname="pck1.CreateTest" name="createcontactTest" time="0.004"/>
  <testcase classname="pck1.CreateTest" name="modifycontactTest" time="0.000"/>
</testsuite> <!-- pck1.CreateTest -->
