<?xml version="1.0" encoding="UTF-8"?>
<!-- Generated by org.testng.reporters.JUnitReportReporter -->
<testsuite hostname="MSI" failures="0" tests="2" name="pck2.CreateOrgTest" time="0.000" errors="0" timestamp="2025-03-13T13:29:27 IST" skipped="0">
  <testcase classname="pck2.CreateOrgTest" name="createorgTest" time="0.000"/>
  <testcase classname="pck2.CreateOrgTest" name="modifyorgTest" time="0.000"/>
</testsuite> <!-- pck2.CreateOrgTest -->
